[info] Log at : 2026/5/14|22:23:11|GMT+0800

[info] Log at : 2026/5/14|22:24:13|GMT+0800

[info] Log at : 2026/5/14|22:24:16|GMT+0800

[info] Log at : 2026/5/14|22:30:50|GMT+0800

[info] Log at : 2026/5/14|22:31:26|GMT+0800

[info] Log at : 2026/5/14|22:32:23|GMT+0800

[info] Log at : 2026/5/14|22:32:27|GMT+0800

[info] Log at : 2026/5/14|22:39:38|GMT+0800

[info] Log at : 2026/5/14|22:43:20|GMT+0800

[info] Log at : 2026/5/14|23:02:44|GMT+0800

[info] Log at : 2026/5/14|23:07:55|GMT+0800

[info] Log at : 2026/5/15|10:41:35|GMT+0800

[info] Log at : 2026/5/15|11:14:06|GMT+0800

[info] Log at : 2026/5/15|11:14:13|GMT+0800

[info] Log at : 2026/5/15|17:00:33|GMT+0800

[info] Log at : 2026/5/15|20:06:09|GMT+0800

[info] Log at : 2026/5/15|21:43:22|GMT+0800

[info] Log at : 2026/5/16|17:20:10|GMT+0800

[info] Log at : 2026/5/16|18:02:17|GMT+0800

[info] Log at : 2026/5/18|15:13:29|GMT+0800

[info] Log at : 2026/5/18|20:47:21|GMT+0800

[info] Log at : 2026/5/18|22:32:07|GMT+0800

[info] Log at : 2026/5/19|20:26:15|GMT+0800

[info] Log at : 2026/5/20|14:59:47|GMT+0800

[info] Log at : 2026/5/20|16:30:11|GMT+0800

[info] Log at : 2026/5/20|16:33:14|GMT+0800

[info] Log at : 2026/5/21|19:47:29|GMT+0800

[info] Log at : 2026/5/22|18:28:28|GMT+0800

[info] Log at : 2026/5/24|10:15:46|GMT+0800

[info] Log at : 2026/5/24|10:21:12|GMT+0800

[info] Log at : 2026/5/24|15:05:15|GMT+0800

[info] Log at : 2026/5/25|09:45:43|GMT+0800

[info] Log at : 2026/5/25|11:19:47|GMT+0800

[info] Log at : 2026/5/25|11:20:14|GMT+0800

[info] Log at : 2026/5/25|20:43:13|GMT+0800

[info] Log at : 2026/5/26|10:25:44|GMT+0800

[info] Log at : 2026/5/26|18:07:15|GMT+0800

[info] Log at : 2026/5/27|11:22:08|GMT+0800

[info] Log at : 2026/5/27|12:02:03|GMT+0800

[info] Log at : 2026/5/27|15:30:20|GMT+0800

[info] Log at : 2026/5/28|12:06:46|GMT+0800

[info] Log at : 2026/5/28|17:47:47|GMT+0800

[info] Log at : 2026/5/29|10:25:59|GMT+0800

[info] Log at : 2026/5/29|18:20:37|GMT+0800

[info] Log at : 2026/5/31|09:49:45|GMT+0800

[info] Log at : 2026/5/31|09:53:10|GMT+0800

[info] Log at : 2026/6/1|09:41:43|GMT+0800

[info] Log at : 2026/6/2|20:02:47|GMT+0800

[info] Log at : 2026/6/3|10:31:41|GMT+0800

[info] Log at : 2026/6/3|10:57:12|GMT+0800

[info] Log at : 2026/6/3|19:11:43|GMT+0800

[info] Log at : 2026/6/25|20:31:15|GMT+0800

[info] Log at : 2026/6/25|21:00:46|GMT+0800

[info] Log at : 2026/6/26|16:04:52|GMT+0800

[info] Log at : 2026/6/27|17:24:58|GMT+0800

[info] Log at : 2026/6/27|18:04:27|GMT+0800

[info] Log at : 2026/6/28|09:43:17|GMT+0800

[info] Log at : 2026/7/2|18:28:15|GMT+0800

[info] project closed: BaseMood
[info] Log at : 2026/7/2|18:29:24|GMT+0800

[info] Log at : 2026/7/2|21:43:56|GMT+0800

[info] Log at : 2026/7/2|21:45:04|GMT+0800

[info] Log at : 2026/7/2|22:11:34|GMT+0800

[info] Log at : 2026/7/2|22:18:04|GMT+0800

[info] Log at : 2026/7/2|22:23:17|GMT+0800

[info] Log at : 2026/7/2|22:48:56|GMT+0800

[info] Log at : 2026/7/3|10:23:16|GMT+0800

[info] Log at : 2026/7/3|21:15:07|GMT+0800

[info] Log at : 2026/7/4|09:08:25|GMT+0800

[info] Log at : 2026/7/4|16:13:19|GMT+0800

[info] Log at : 2026/7/6|10:06:22|GMT+0800

[info] Log at : 2026/7/6|15:32:09|GMT+0800

[info] Log at : 2026/7/8|10:14:17|GMT+0800

[info] Log at : 2026/7/9|19:18:47|GMT+0800

[info] Log at : 2026/7/12|09:39:10|GMT+0800

[info] Log at : 2026/7/13|14:48:24|GMT+0800

[info] Log at : 2026/7/14|10:10:11|GMT+0800

[info] Log at : 2026/7/15|09:55:11|GMT+0800

[info] Log at : 2026/7/15|10:52:04|GMT+0800

[info] Log at : 2026/7/15|16:42:08|GMT+0800

[info] Log at : 2026/7/16|16:12:40|GMT+0800

[info] Log at : 2026/7/17|18:32:48|GMT+0800

[info] Log at : 2026/7/17|21:18:16|GMT+0800

[info] Log at : 2026/7/18|15:33:54|GMT+0800

[info] Log at : 2026/7/18|17:37:26|GMT+0800

[info] Log at : 2026/7/19|16:41:39|GMT+0800

[info] Log at : 2026/7/19|17:37:36|GMT+0800

[info] Log at : 2026/7/19|18:07:12|GMT+0800

[info] Log at : 2026/7/19|20:32:35|GMT+0800

[info] Log at : 2026/7/21|10:13:57|GMT+0800

[info] Log at : 2026/7/22|10:13:39|GMT+0800

<<<<<<< HEAD
=======
[info] Log at : 2026/7/22|19:10:33|GMT+0800

>>>>>>> 9d4c5503e08121f754bd8c1197f4d7ceaf87d42b
