*** Using Compiler 'V5.06 update 5 (build 528)', folder: 'D:\A_Study & Work\STM32\Keil5\ARM\ARMCC\Bin'
Build target 'BaseMood'
compiling Chassis_Task.c...
./ABModule/Remote_Ctrl.h(71): warning:  #815-D: type qualifier on return type is meaningless
  const RC_Ctl_t get_RC_Ctl(void);
./ACApplication/APP_Config.h(81): warning:  #1-D: last line of file ends without a newline
  #endif // APP_CONFIG_H_
ACApplication\Chassis\Chassis_Task.h(7): warning:  #1-D: last line of file ends without a newline
  #endif // CHASSIS_TASK_H_
ACApplication\Chassis\Chassis_Task.c(20): warning:  #550-D: variable "remain_ChassisTask"  was set but never used
  static UBaseType_t remain_ChassisTask;
ACApplication\Chassis\Chassis_Task.c: 4 warnings, 0 errors
compiling bsp_SBUS.c...
./ABModule/Remote_Ctrl.h(71): warning:  #815-D: type qualifier on return type is meaningless
  const RC_Ctl_t get_RC_Ctl(void);
./ACApplication/APP_Config.h(81): warning:  #1-D: last line of file ends without a newline
  #endif // APP_CONFIG_H_
AADrivers\bsp_SBUS.c(188): warning:  #1182-D: a declaration cannot have a label
              static uint32_t lastResetTick = 0;
AADrivers\bsp_SBUS.c: 3 warnings, 0 errors
compiling MotorCtrl_DJI.c...
./ABModule/Remote_Ctrl.h(71): warning:  #815-D: type qualifier on return type is meaningless
  const RC_Ctl_t get_RC_Ctl(void);
./ACApplication/APP_Config.h(81): warning:  #1-D: last line of file ends without a newline
  #endif // APP_CONFIG_H_
ABModule\MotorCtrl_DJI.c: 2 warnings, 0 errors
compiling bsp_Init.c...
./ABModule/Remote_Ctrl.h(71): warning:  #815-D: type qualifier on return type is meaningless
  const RC_Ctl_t get_RC_Ctl(void);
./ACApplication/APP_Config.h(81): warning:  #1-D: last line of file ends without a newline
  #endif // APP_CONFIG_H_
AADrivers\bsp_Init.c: 2 warnings, 0 errors
compiling PID_Lib.c...
./ABModule/Remote_Ctrl.h(71): warning:  #815-D: type qualifier on return type is meaningless
  const RC_Ctl_t get_RC_Ctl(void);
./ACApplication/APP_Config.h(81): warning:  #1-D: last line of file ends without a newline
  #endif // APP_CONFIG_H_
ABModule\PID_Lib.c: 2 warnings, 0 errors
compiling CMDCenter.c...
./ACApplication/APP_Config.h(81): warning:  #1-D: last line of file ends without a newline
  #endif // APP_CONFIG_H_
ABModule\Remote_Ctrl.h(71): warning:  #815-D: type qualifier on return type is meaningless
  const RC_Ctl_t get_RC_Ctl(void);
ABModule\CMDCenter.c(25): warning:  #550-D: variable "remain_CMDUpdateTask"  was set but never used
  static UBaseType_t remain_CMDUpdateTask;
ABModule\CMDCenter.c: 3 warnings, 0 errors
compiling freertos.c...
./ABModule/Remote_Ctrl.h(71): warning:  #815-D: type qualifier on return type is meaningless
  const RC_Ctl_t get_RC_Ctl(void);
./ACApplication/APP_Config.h(81): warning:  #1-D: last line of file ends without a newline
  #endif // APP_CONFIG_H_
../Core/Src/freertos.c(240): warning:  #167-D: argument of type "void (*)(const void *)" is incompatible with parameter of type "osThreadFunc_t"
    imuTaskHandle = osThreadNew(INS_task, 
ULL, &imuTask_attributes);
../Core/Src/freertos.c(243): warning:  #167-D: argument of type "void (*)(const void *)" is incompatible with parameter of type "osThreadFunc_t"
    buzrHandle = osThreadNew(buzzer_effects_task, 
ULL, &buzr_attributes);
../Core/Src/freertos.c: 4 warnings, 0 errors
compiling Remote_Ctrl.c...
./ACApplication/APP_Config.h(81): warning:  #1-D: last line of file ends without a newline
  #endif // APP_CONFIG_H_
ABModule\Remote_Ctrl.h(71): warning:  #815-D: type qualifier on return type is meaningless
  const RC_Ctl_t get_RC_Ctl(void);
ABModule\Remote_Ctrl.c(39): warning:  #940-D: missing return statement at end of non-void function "Switch_Set" 
  }
ABModule\Remote_Ctrl.c(81): warning:  #815-D: type qualifier on return type is meaningless
  const RC_Ctl_t get_RC_Ctl(void)
ABModule\Remote_Ctrl.c(89): warning:  #550-D: variable "remain_RCUpdate"  was set but never used
  static UBaseType_t remain_RCUpdate;
ABModule\Remote_Ctrl.c: 5 warnings, 0 errors
compiling Chassis_Mecanu.c...
./ABModule/Remote_Ctrl.h(71): warning:  #815-D: type qualifier on return type is meaningless
  const RC_Ctl_t get_RC_Ctl(void);
./ACApplication/APP_Config.h(81): warning:  #1-D: last line of file ends without a newline
  #endif // APP_CONFIG_H_
ACApplication\Chassis\Chassis_Mecanu.h(12): warning:  #1-D: last line of file ends without a newline
  #endif // CHASSIS_MECANU_H_
ACApplication\Chassis\Chassis_Mecanu.c(61): warning:  #1-D: last line of file ends without a newline
  #endif
ACApplication\Chassis\Chassis_Mecanu.c: 4 warnings, 0 errors
compiling stm32f4xx_it.c...
./ABModule/Remote_Ctrl.h(71): warning:  #815-D: type qualifier on return type is meaningless
  const RC_Ctl_t get_RC_Ctl(void);
./ACApplication/APP_Config.h(81): warning:  #1-D: last line of file ends without a newline
  #endif // APP_CONFIG_H_
../Core/Src/stm32f4xx_it.c(285): warning:  #223-D: function "SBUS_UART_IRQHandler" declared implicitly
  	SBUS_UART_IRQHandler();
../Core/Src/stm32f4xx_it.c: 3 warnings, 0 errors
compiling main.c...
./ABModule/Remote_Ctrl.h(71): warning:  #815-D: type qualifier on return type is meaningless
  const RC_Ctl_t get_RC_Ctl(void);
./ACApplication/APP_Config.h(81): warning:  #1-D: last line of file ends without a newline
  #endif // APP_CONFIG_H_
../Core/Src/main.c(108): warning:  #223-D: function "BSP_Init" declared implicitly
  	BSP_Init();
../Core/Src/main.c: 3 warnings, 0 errors
linking...
Program Size: Code=44784 RO-data=1340 RW-data=464 ZI-data=26528  
FromELF: creating hex file...
"BaseMood\BaseMood.axf" - 0 Error(s), 35 Warning(s).
Build Time Elapsed:  00:00:06
